C51 COMPILER V9.56.0.0   MAIN                                                              12/28/2017 21:59:39 PAGE 1   


C51 COMPILER V9.56.0.0, COMPILATION OF MODULE MAIN
OBJECT MODULE PLACED IN main.OBJ
COMPILER INVOKED BY: C:\Keil_C51\C51\BIN\C51.EXE main.c OPTIMIZE(8,SPEED) BROWSE DEBUG OBJECTEXTEND TABS(2)

line level    source

   1          #include "reg52.h"
   2          #include "intrins.h"
   3          
   4          
   5          /*************************************************************************
   6          - Function    : 花式流水实验
   7          - Description : 间隔300ms先奇数亮再偶数亮，然后再循环三次：
   8                          ①一个LED上下循环三次  ②分别从两边往中间流动三次
   9                          ③8个LED全部闪烁3次；关闭LED。
  10          - Hardware    : 硬件连接：LED0-LED7 -> P1.0-P1.7
  11          - Author      : Y.
  12          - Date        : 2017.12
  13           *************************************************************************/
  14          
  15          
  16          /* 定义常用变量类型 */
  17          #define u8 unsigned char
  18          #define u16 unsigned int
  19          
  20          /* 定义变量 */
  21          u8 code tab[] = {0x7e,0xbd,0xdb,0xe7};
  22          
  23          /* 声明子函数 */
  24          void target1();
  25          void target2();
  26          void target3();
  27          void delay(u16);
  28          
  29          /*************************************************************************
  30           Function    : 主程序
  31           Description : None 
  32          **************************************************************************/
  33          void main()
  34          {
  35   1          while(1)
  36   1          {
  37   2             target1();
  38   2             delay(300);
  39   2             target2();
  40   2             delay(300);
  41   2             target3(); 
  42   2             delay(300);      
  43   2          }
  44   1      }
  45          
  46          
  47          /*************************************************************************
  48           Function    : 延时子程序
  49           Description : 延时 x 毫秒
  50          **************************************************************************/
  51          void delay(u16 xms)
  52          {
  53   1          u16 x,y;
  54   1          for(x=xms;x>0;x--)
  55   1          {
C51 COMPILER V9.56.0.0   MAIN                                                              12/28/2017 21:59:39 PAGE 2   

  56   2              for(y=125;y>0;y--);
  57   2          }
  58   1      }
  59          
  60          
  61          /*************************************************************************
  62           Function    : 功能一
  63           Description : 奇数亮再偶数亮，循环三次
  64          **************************************************************************/
  65          void target1()
  66          {
  67   1          u8 i;
  68   1          for(i=0;i<3;i++)
  69   1          {
  70   2              P1 = 0xaa;
  71   2              delay(300);
  72   2              P1 = 0x55;
  73   2              delay(300);
  74   2          }
  75   1          P1 = 0xff;
  76   1      }
  77          
  78          
  79          /*************************************************************************
  80           Function    : 功能二
  81           Description : LED分别从两边往中间流动三次
  82          **************************************************************************/
  83          void target2()
  84          {
  85   1          u8 i,j,temp,a,b,num;
  86   1          temp = 0xfe;
  87   1        
  88   1          for(i=0;i<3;i++)
  89   1          {
  90   2              for(j=0;j<8;j++)
  91   2              {
  92   3                  P1 = temp;
  93   3                  delay(300);
  94   3                  temp = _crol_(temp,1);             // 循环左移1位
  95   3              }         
  96   2          }
  97   1          P1 = 0xff;
  98   1          delay(300);
  99   1          
 100   1          
 101   1          for(a=0;a<3;a++)
 102   1          {
 103   2              num = 0;
 104   2              for(b=0;b<4;b++)
 105   2              {
 106   3                  P1 = tab[num];
 107   3                  delay(300);
 108   3                  num++;
 109   3              }
 110   2          }
 111   1          P1 = 0xff;
 112   1      }
 113          
 114          
 115          /*************************************************************************
 116           Function    : 功能三
 117           Description : 8个LED全部闪烁3次；关闭LED
C51 COMPILER V9.56.0.0   MAIN                                                              12/28/2017 21:59:39 PAGE 3   

 118          **************************************************************************/
 119          void target3()
 120          {
 121   1          u8 c;
 122   1          for(c=0;c<3;c++)
 123   1          {
 124   2              P1 = 0x00;
 125   2              delay(300);
 126   2              P1 = 0xff;
 127   2              delay(300);
 128   2          }
 129   1          
 130   1          P1 = 0xff;                                  // 最后关闭所有LED
 131   1      }
 132          


MODULE INFORMATION:   STATIC OVERLAYABLE
   CODE SIZE        =    160    ----
   CONSTANT SIZE    =      4    ----
   XDATA SIZE       =   ----    ----
   PDATA SIZE       =   ----    ----
   DATA SIZE        =   ----    ----
   IDATA SIZE       =   ----    ----
   BIT SIZE         =   ----    ----
END OF MODULE INFORMATION.


C51 COMPILATION COMPLETE.  0 WARNING(S),  0 ERROR(S)
