C51 COMPILER V9.56.0.0   MAIN                                                              12/29/2017 20:13:29 PAGE 1   


C51 COMPILER V9.56.0.0, COMPILATION OF MODULE MAIN
OBJECT MODULE PLACED IN main.OBJ
COMPILER INVOKED BY: C:\Keil_C51\C51\BIN\C51.EXE main.c OPTIMIZE(8,SPEED) BROWSE DEBUG OBJECTEXTEND

line level    source

   1          #include "reg52.h"
   2          #include "intrins.h"
   3          
   4          
   5          /*************************************************************************
   6          - Function    : 流水灯实验
   7          - Description : 硬件连接：LED0-LED7 -> P1.0-P1.7
   8          - Author      : Y.
   9          - Date        : 2017.12
  10           *************************************************************************/
  11           
  12           
  13          /* 定义常用变量类型 */
  14          typedef unsigned char u8;
  15          typedef unsigned int u16;
  16          
  17          
  18          /* 声明子函数 */
  19          void delay(u16);
  20          
  21          /*************************************************************************
  22           Function    : 主程序
  23           Description : None 
  24          **************************************************************************/
  25          void main()
  26          {
  27   1              u8 i,rol;
  28   1              rol = 0xfe;                               // 1111 1110
  29   1              
  30   1              while(1)
  31   1              {
  32   2                      for(i=0;i<8;i++)
  33   2                      {
  34   3                              P1 = rol;
  35   3                              delay(200);                        // 延时 200 ms
  36   3                              rol = _crol_(rol,1);               // 循环左移1位
  37   3                      }                
  38   2              }
  39   1      }
  40          
  41          /*************************************************************************
  42           Function    : 延时子程序
  43           Description : 延时 x 毫秒
  44          **************************************************************************/
  45          void delay(u16 xms)
  46          {
  47   1              u16 x,y;
  48   1              for(x=xms;x>0;x--)
  49   1              {
  50   2                      for(y=125;y>0;y--);
  51   2              }
  52   1      }


MODULE INFORMATION:   STATIC OVERLAYABLE
C51 COMPILER V9.56.0.0   MAIN                                                              12/29/2017 20:13:29 PAGE 2   

   CODE SIZE        =     70    ----
   CONSTANT SIZE    =   ----    ----
   XDATA SIZE       =   ----    ----
   PDATA SIZE       =   ----    ----
   DATA SIZE        =   ----       2
   IDATA SIZE       =   ----    ----
   BIT SIZE         =   ----    ----
END OF MODULE INFORMATION.


C51 COMPILATION COMPLETE.  0 WARNING(S),  0 ERROR(S)
