C51 COMPILER V9.56.0.0   MAIN                                                              01/10/2018 17:17:35 PAGE 1   


C51 COMPILER V9.56.0.0, COMPILATION OF MODULE MAIN
OBJECT MODULE PLACED IN ..\OBJ\main.obj
COMPILER INVOKED BY: C:\Keil_C51\C51\BIN\C51.EXE main.c OPTIMIZE(8,SPEED) BROWSE INCDIR(..\HARDWARE\LCD12864) DEBUG OBJE
                    -CTEXTEND OBJECT(..\OBJ\main.obj)

line level    source

   1          #include <reg52.h>
   2          #include "lcd12864.h"
   3          
   4          
   5          /*************************************************************************
   6          - Function    : LCD12864 отй╬ндвж
   7          - Description : отй╬хЩжж╢Сп║╡╩м╛╣двж╥Ш
   8          - Hardware    : RS -- P3.1  RW -- P3.3  EN -- P3.2  CS1 -- P3.4  CS2 -- P3.5
   9                          RST -- P3.0   D1-D7 -- P2
  10          - Author      : Y.
  11          - Date        : 2017.12
  12           *************************************************************************/
  13          
  14          
  15          /* ╣зр╩пп мРнО╩╔а╙ 16*16 */
  16          const u8 code table1[] = {
  17          
  18          /*--  ндвж:  мР  --*/
  19          /*--  кнлЕ12;  ╢квжлЕоб╤тс╕╣д╣ЦуСн╙ё╨©Мx╦ъ=16x16   --*/
  20          0x04,0x04,0x04,0x04,0x04,0xFC,0x44,0x44,0x44,0x44,0x44,0xC4,0x04,0x04,0x04,0x00,
  21          0x80,0x40,0x20,0x18,0x06,0x01,0x00,0x00,0x40,0x80,0x40,0x3F,0x00,0x00,0x00,0x00,
  22          
  23          /*--  ндвж:  нО  --*/
  24          /*--  кнлЕ12;  ╢квжлЕоб╤тс╕╣д╣ЦуСн╙ё╨©Мx╦ъ=16x16   --*/
  25          0x40,0x3C,0x10,0xFF,0x10,0x10,0x20,0x10,0x8F,0x78,0x08,0xF8,0x08,0xF8,0x00,0x00,
  26          0x02,0x06,0x02,0xFF,0x01,0x01,0x04,0x42,0x21,0x18,0x46,0x81,0x40,0x3F,0x00,0x00,
  27          
  28          /*--  ндвж:  ╩╔  --*/
  29          /*--  кнлЕ12;  ╢квжлЕоб╤тс╕╣д╣ЦуСн╙ё╨©Мx╦ъ=16x16   --*/
  30          0x00,0x02,0x02,0x02,0xE2,0x3E,0x22,0x22,0x22,0x22,0x22,0xE2,0x02,0x02,0x00,0x00,
  31          0x40,0x40,0x40,0x47,0x44,0x44,0x44,0x44,0x44,0x74,0x4E,0x41,0x40,0x40,0x40,0x00,
  32          
  33          /*--  ндвж:  а╙  --*/
  34          /*--  кнлЕ12;  ╢квжлЕоб╤тс╕╣д╣ЦуСн╙ё╨©Мx╦ъ=16x16   --*/
  35          0x02,0xFE,0x92,0x92,0xFE,0x02,0x00,0x10,0x11,0x16,0xF0,0x14,0x13,0x10,0x00,0x00,
  36          0x10,0x1F,0x08,0x08,0xFF,0x04,0x81,0x41,0x31,0x0D,0x03,0x0D,0x31,0x41,0x81,0x00,
  37          
  38          /*--  ндвж:  мР  --*/
  39          /*--  кнлЕ12;  ╢квжлЕоб╤тс╕╣д╣ЦуСн╙ё╨©Мx╦ъ=16x16   --*/
  40          0x04,0x04,0x04,0x04,0x04,0xFC,0x44,0x44,0x44,0x44,0x44,0xC4,0x04,0x04,0x04,0x00,
  41          0x80,0x40,0x20,0x18,0x06,0x01,0x00,0x00,0x40,0x80,0x40,0x3F,0x00,0x00,0x00,0x00,
  42          
  43          /*--  ндвж:  нО  --*/
  44          /*--  кнлЕ12;  ╢квжлЕоб╤тс╕╣д╣ЦуСн╙ё╨©Мx╦ъ=16x16   --*/
  45          0x40,0x3C,0x10,0xFF,0x10,0x10,0x20,0x10,0x8F,0x78,0x08,0xF8,0x08,0xF8,0x00,0x00,
  46          0x02,0x06,0x02,0xFF,0x01,0x01,0x04,0x42,0x21,0x18,0x46,0x81,0x40,0x3F,0x00,0x00,
  47          
  48          /*--  ндвж:  ╩╔  --*/
  49          /*--  кнлЕ12;  ╢квжлЕоб╤тс╕╣д╣ЦуСн╙ё╨©Мx╦ъ=16x16   --*/
  50          0x00,0x02,0x02,0x02,0xE2,0x3E,0x22,0x22,0x22,0x22,0x22,0xE2,0x02,0x02,0x00,0x00,
  51          0x40,0x40,0x40,0x47,0x44,0x44,0x44,0x44,0x44,0x74,0x4E,0x41,0x40,0x40,0x40,0x00,
  52          
  53          /*--  ндвж:  а╙  --*/
  54          /*--  кнлЕ12;  ╢квжлЕоб╤тс╕╣д╣ЦуСн╙ё╨©Мx╦ъ=16x16   --*/
C51 COMPILER V9.56.0.0   MAIN                                                              01/10/2018 17:17:35 PAGE 2   

  55          0x02,0xFE,0x92,0x92,0xFE,0x02,0x00,0x10,0x11,0x16,0xF0,0x14,0x13,0x10,0x00,0x00,
  56          0x10,0x1F,0x08,0x08,0xFF,0x04,0x81,0x41,0x31,0x0D,0x03,0x0D,0x31,0x41,0x81,0x00,
  57          
  58          };
  59          
  60          
  61          /* ╣з╤Чпп мРнО╩╔а╙ 24*24 */
  62          const u8 code table2[] = {
  63          /*--  ндвж:  мР  --*/
  64          /*--  кнлЕ18;  ╢квжлЕоб╤тс╕╣д╣ЦуСн╙ё╨©Мx╦ъ=24x24   --*/
  65          0x00,0x10,0x10,0x10,0x10,0x10,0x10,0x10,0x90,0xF0,0xF0,0xF0,0x10,0x10,0x10,0x10,
  66          0x10,0x10,0x10,0x18,0x18,0x38,0x30,0x00,0x00,0x00,0x00,0x00,0x00,0x00,0x00,0xE0,
  67          0xFF,0xFF,0x3F,0x05,0x04,0x04,0x04,0x04,0x04,0xFE,0xFF,0xFF,0x06,0x00,0x00,0x00,
  68          0x00,0x40,0x40,0x60,0x38,0x1C,0x0F,0x07,0x03,0x00,0x00,0x00,0x10,0x10,0x30,0x70,
  69          0x78,0x3F,0x3F,0x0F,0x00,0x00,0x00,0x00,
  70          
  71          /*--  ндвж:  нО  --*/
  72          /*--  кнлЕ18;  ╢квжлЕоб╤тс╕╣д╣ЦуСн╙ё╨©Мx╦ъ=24x24   --*/
  73          0x00,0x00,0xF0,0xF0,0x70,0xFC,0xFC,0xFC,0xC4,0xC0,0x80,0xF0,0xFE,0xFE,0xCC,0xC4,
  74          0x40,0xC0,0xC0,0xC0,0xE0,0xE0,0xC0,0x00,0x08,0x8E,0x87,0xC3,0xC1,0xFF,0xFF,0xFF,
  75          0x39,0xBF,0xD7,0xF3,0x7C,0x1F,0x8F,0xE3,0xFE,0x7F,0x0F,0x00,0xFF,0xFF,0x3F,0x00,
  76          0x00,0x01,0x01,0x01,0x00,0x7F,0x7F,0x7F,0x42,0x63,0x71,0x38,0x1C,0x0E,0x17,0x33,
  77          0x31,0x60,0x70,0x7F,0x3F,0x1F,0x00,0x00,
  78          
  79          /*--  ндвж:  ╩╔  --*/
  80          /*--  кнлЕ18;  ╢квжлЕоб╤тс╕╣д╣ЦуСн╙ё╨©Мx╦ъ=24x24   --*/
  81          0x00,0x00,0x10,0x10,0x10,0x10,0x10,0xF0,0xF0,0xF0,0x10,0x10,0x10,0x10,0x10,0x10,
  82          0x10,0x10,0x18,0x18,0x18,0x10,0x00,0x00,0x00,0x00,0x00,0x00,0x00,0x00,0xF0,0xFF,
  83          0xFF,0x0F,0x02,0x02,0x02,0x02,0xE2,0xFF,0xFF,0x0F,0x00,0x00,0x00,0x00,0x00,0x00,
  84          0x00,0x20,0x20,0x20,0x20,0x21,0x21,0x21,0x21,0x21,0x21,0x21,0x21,0x21,0x3F,0x3F,
  85          0x3F,0x20,0x20,0x30,0x30,0x30,0x20,0x00,
  86          
  87          /*--  ндвж:  а╙  --*/
  88          /*--  кнлЕ18;  ╢квжлЕоб╤тс╕╣д╣ЦуСн╙ё╨©Мx╦ъ=24x24   --*/
  89          0x10,0x10,0xF0,0xF0,0xF0,0x10,0x10,0xF0,0xF8,0xF8,0x98,0x98,0x9C,0xFC,0xF8,0xB0,
  90          0xC0,0xF8,0xBE,0x9E,0xCC,0x80,0x00,0x00,0x00,0x00,0xFF,0xFF,0xFF,0x21,0x21,0xFF,
  91          0xFF,0xFF,0x20,0x20,0x20,0x20,0xFF,0xFF,0xFF,0xE0,0x20,0x20,0x30,0x31,0x31,0x20,
  92          0x04,0x0C,0x0F,0x0F,0x07,0x06,0x02,0x7F,0x7F,0x7F,0x61,0x61,0x38,0x1C,0x0F,0x07,
  93          0x01,0x07,0x1F,0x3C,0x78,0x70,0x20,0x20,
  94          
  95          };
  96          
  97          
  98          /* ╣зхЩпп LOADING... 16*08 */
  99          const u8 code table3[] = {
 100          /*--  ндвж:  L  --*/
 101          /*--  кнлЕ12;  ╢квжлЕоб╤тс╕╣д╣ЦуСн╙ё╨©Мx╦ъ=8x16   --*/
 102          0x08,0xF8,0x08,0x00,0x00,0x00,0x00,0x00,0x20,0x3F,0x20,0x20,0x20,0x20,0x30,0x00,
 103          
 104          /*--  ндвж:  O  --*/
 105          /*--  кнлЕ12;  ╢квжлЕоб╤тс╕╣д╣ЦуСн╙ё╨©Мx╦ъ=8x16   --*/
 106          0xE0,0x10,0x08,0x08,0x08,0x10,0xE0,0x00,0x0F,0x10,0x20,0x20,0x20,0x10,0x0F,0x00,
 107          
 108          /*--  ндвж:  A  --*/
 109          /*--  кнлЕ12;  ╢квжлЕоб╤тс╕╣д╣ЦуСн╙ё╨©Мx╦ъ=8x16   --*/
 110          0x00,0x00,0xC0,0x38,0xE0,0x00,0x00,0x00,0x20,0x3C,0x23,0x02,0x02,0x27,0x38,0x20,
 111          
 112          /*--  ндвж:  D  --*/
 113          /*--  кнлЕ12;  ╢квжлЕоб╤тс╕╣д╣ЦуСн╙ё╨©Мx╦ъ=8x16   --*/
 114          0x08,0xF8,0x08,0x08,0x08,0x10,0xE0,0x00,0x20,0x3F,0x20,0x20,0x20,0x10,0x0F,0x00,
 115          
 116          /*--  ндвж:  I  --*/
C51 COMPILER V9.56.0.0   MAIN                                                              01/10/2018 17:17:35 PAGE 3   

 117          /*--  кнлЕ12;  ╢квжлЕоб╤тс╕╣д╣ЦуСн╙ё╨©Мx╦ъ=8x16   --*/
 118          0x00,0x08,0x08,0xF8,0x08,0x08,0x00,0x00,0x00,0x20,0x20,0x3F,0x20,0x20,0x00,0x00,
 119          
 120          /*--  ндвж:  N  --*/
 121          /*--  кнлЕ12;  ╢квжлЕоб╤тс╕╣д╣ЦуСн╙ё╨©Мx╦ъ=8x16   --*/
 122          0x08,0xF8,0x30,0xC0,0x00,0x08,0xF8,0x08,0x20,0x3F,0x20,0x00,0x07,0x18,0x3F,0x00,
 123          
 124          /*--  ндвж:  G  --*/
 125          /*--  кнлЕ12;  ╢квжлЕоб╤тс╕╣д╣ЦуСн╙ё╨©Мx╦ъ=8x16   --*/
 126          0xC0,0x30,0x08,0x08,0x08,0x38,0x00,0x00,0x07,0x18,0x20,0x20,0x22,0x1E,0x02,0x00,
 127          
 128          /*--  ндвж:  .  --*/
 129          /*--  кнлЕ12;  ╢квжлЕоб╤тс╕╣д╣ЦуСн╙ё╨©Мx╦ъ=8x16   --*/
 130          0x00,0x00,0x00,0x00,0x00,0x00,0x00,0x00,0x00,0x30,0x30,0x00,0x00,0x00,0x00,0x00,
 131          
 132          /*--  ндвж:  .  --*/
 133          /*--  кнлЕ12;  ╢квжлЕоб╤тс╕╣д╣ЦуСн╙ё╨©Мx╦ъ=8x16   --*/
 134          0x00,0x00,0x00,0x00,0x00,0x00,0x00,0x00,0x00,0x30,0x30,0x00,0x00,0x00,0x00,0x00,
 135          
 136          /*--  ндвж:  .  --*/
 137          /*--  кнлЕ12;  ╢квжлЕоб╤тс╕╣д╣ЦуСн╙ё╨©Мx╦ъ=8x16   --*/
 138          0x00,0x00,0x00,0x00,0x00,0x00,0x00,0x00,0x00,0x30,0x30,0x00,0x00,0x00,0x00,0x00,
 139          
 140          };
 141          
 142          
 143          
 144          /*************************************************************************
 145           Function    : жВЁлпР
 146           Description : None 
 147          **************************************************************************/
 148          void main()
 149          {
 150   1              u8 i,line,columm;
 151   1              u8 *address;
 152   1              
 153   1              Lcd_Init();                                       // ЁУй╪╩╞
 154   1              
 155   1              while(1)
 156   1              {
 157   2                      /* ╣з1ппотй╬дзхщ */
 158   2                      line = 0;                                     // ╣зр╩пп
 159   2                      columm = 32;                                  // ╢с32ап©╙й╪отй╬
 160   2                      address = table1;                             // ╣зр╩ппотй╬ мРнО╩╔а╙ 16*16
 161   2                      On_Off(0);                                    // ╧ьотй╬
 162   2                      
 163   2                      for(i=1;i<5;i++)                              // вэ╨╨вж╦ЖйЩ4
 164   2                      {
 165   3                              if(i<3)                                   // вС╟Кфаотй╬2╦Ж
 166   3                              {
 167   4                                      Select_Screen(1);                     // г╟2╦Ж╨╨вж вСфад╩
 168   4                              }
 169   3                              else Select_Screen(2);                    // ╨С2╦Ж╨╨вж срфад╩
 170   3                              
 171   3                              Show_1616(line,columm,address);           // отй╬р╩╦Ж16*16╨╨вж
 172   3      
 173   3                              columm += 16;                             // р╩╦Ж╨╨вж╣д©М╤х
 174   3                              
 175   3                              if(columm>63)                             // ©ьжфвСср╟Кфажп╪Д©у╦Я -> ╣з32ап©╙й╪ + мР16 + нО16 = 64  ╢Сс
             -з63╪╢отй╬ср╟Кфа  жп╪Днч©у╦Я
 176   3                              { 
 177   4                                      columm = 0;
C51 COMPILER V9.56.0.0   MAIN                                                              01/10/2018 17:17:35 PAGE 4   

 178   4                              }
 179   3                              address += 32;                            // ╣ьж╥╪с1   (вэйг╣хсз╣ЦуС╣д╦ЖйЩ)
 180   3                      }
 181   2                      
 182   2                      /* ╣з2ппотй╬дзхщ */
 183   2                      line = 2;                                     // ╣з3пп
 184   2                      columm = 8;                                   // ╢с8ап©╙й╪отй╬
 185   2                      address = table2;                             // ╣з╤Чппотй╬ мРнО╩╔а╙ 24*24
 186   2                      On_Off(0);                                    // ╧ьотй╬
 187   2                      
 188   2                      for(i=1;i<5;i++)                              // вэ╨╨вж╦ЖйЩ4
 189   2                      {
 190   3                              if(i<3)                                   // вС╟Кфаотй╬2╦Ж
 191   3                              { 
 192   4                                      Select_Screen(1);                      // г╟2╦Ж╨╨вж вСфад╩
 193   4                              }
 194   3                              else Select_Screen(2);                    // ╨С2╦Ж╨╨вж срфад╩
 195   3                               
 196   3                              Show_2424(line,columm,address);            // отй╬р╩╦Ж24*24╨╨вж
 197   3                              
 198   3                              columm += 24;                              // р╩╦Ж╨╨вж╣д©М╤х
 199   3                              
 200   3                              if(columm>55)                              // ©ьжфвСср╟Кфажп╪Д©у╦Я -> ╣з8ап©╙й╪ + мР24 + нО24 = 56  ╢Сс
             -з55╪╢отй╬ср╟Кфа  жп╪Д©у╦Я8
 201   3                              {
 202   4                                      columm = 0;
 203   4                              }
 204   3                              address += 72;                             // ╣ьж╥╪с1  (вэйг╣хсз╣ЦуС╣д╦ЖйЩ)
 205   3                      }               
 206   2                      
 207   2                      
 208   2                      
 209   2                      /* ╣з3ппотй╬дзхщ */
 210   2                      line = 5;                                      // ╣з5пп
 211   2                      columm = 32;                                   // ╢с32ап©╙й╪отй╬
 212   2                      address = table3;                              // ╣зхЩппотй╬ LOADING... 16*08
 213   2                      On_Off(0);                                     // ╧ьотй╬
 214   2                      
 215   2                      for(i=1;i<11;i++)                              // вэвжд╦╦ЖйЩ10
 216   2                      {
 217   3                              if(i<5)                                    // вС╟Кфаотй╬4╦Ж
 218   3                              {
 219   4                                      Select_Screen(1);                       // г╟4╦Жвжд╦ вСфад╩
 220   4                              }
 221   3                              else Select_Screen(2);                     // ╨С6╦Жвжд╦ срфад╩
 222   3                              
 223   3                              Show_1608(line,columm,address);            // отй╬р╩╦Ж16*08вжд╦
 224   3                              
 225   3                              columm += 8;                               // р╩╦Ж╨╨вж╣д©М╤х
 226   3                              
 227   3                              if(columm>63)                              // ©ьжфвСср╟Кфажп╪Д©у╦Я -> ╣з32ап©╙й╪ + (вжд╦8*4) = 64  ╢Ссз
             -63╪╢отй╬ср╟Кфа  жп╪Д©у╦Я0
 228   3                              {
 229   4                                      columm = 0;
 230   4                              }
 231   3                              address += 16;                             // ╣ьж╥╪с1  (вэйг╣хсз╣ЦуС╣д╦ЖйЩ)
 232   3                      }               
 233   2                      
 234   2      
 235   2                      Select_Screen(0);                              // х╚фаотй╬
 236   2                      On_Off(1);                                     // ©╙отй╬
 237   2                      
C51 COMPILER V9.56.0.0   MAIN                                                              01/10/2018 17:17:35 PAGE 5   

 238   2                      delay_ms(100000);                              // ясй╠
 239   2              }
 240   1      }


MODULE INFORMATION:   STATIC OVERLAYABLE
   CODE SIZE        =    280    ----
   CONSTANT SIZE    =    704    ----
   XDATA SIZE       =   ----    ----
   PDATA SIZE       =   ----    ----
   DATA SIZE        =   ----       6
   IDATA SIZE       =   ----    ----
   BIT SIZE         =   ----    ----
END OF MODULE INFORMATION.


C51 COMPILATION COMPLETE.  0 WARNING(S),  0 ERROR(S)
