C51 COMPILER V9.56.0.0   MAIN                                                              01/10/2018 19:34:14 PAGE 1   


C51 COMPILER V9.56.0.0, COMPILATION OF MODULE MAIN
OBJECT MODULE PLACED IN ..\OBJ\main.obj
COMPILER INVOKED BY: C:\Keil_C51\C51\BIN\C51.EXE main.c OPTIMIZE(8,SPEED) BROWSE INCDIR(..\HARDWARE\LCD12864) DEBUG OBJE
                    -CTEXTEND OBJECT(..\OBJ\main.obj)

line level    source

   1          #include <reg52.h>
   2          #include "lcd12864.h"
   3          
   4          
   5          /*************************************************************************
   6          - Function    : LCD12864 显示文字
   7          - Description : 显示三种大小不同的字符
   8          - Hardware    : RS -- P3.1  RW -- P3.3  EN -- P3.2  CS1 -- P3.4  CS2 -- P3.5
   9                          RST -- P3.0   D1-D7 -- P2
  10          - Author      : Y.
  11          - Date        : 2017.12
  12           *************************************************************************/
  13          
  14          
  15          /* 图画 64*64 汉字取模软件绘制 */
  16          const u8 code table1[] = {
  17          
  18          /*--  调入了一幅图像：左屏  --*/
  19          /*--  宽度x高度=64x64  --*/
  20          0xFF,0xFF,0xFF,0xFF,0xFF,0xFF,0xFF,0xFF,0xFF,0xFF,0xFF,0xFF,0xFF,0xFF,0xFF,0xFF,
  21          0xFF,0xFF,0xFF,0xFF,0xFF,0xFF,0xFF,0xFF,0xFF,0xFF,0xFF,0xFF,0xFF,0xFF,0xFF,0xFF,
  22          0xFF,0xFF,0xFF,0xFF,0xFF,0xFF,0xFF,0xFF,0xFF,0xFF,0xFF,0xFF,0xFF,0xFF,0xFF,0xFF,
  23          0xFF,0xFF,0xFF,0xFF,0xFF,0xFF,0xFF,0xFF,0xFF,0xFF,0xFF,0xFF,0xFF,0xFF,0xFF,0xFF,
  24          0xFF,0xFF,0xFF,0xFF,0xFF,0xFF,0xFF,0xFF,0xFF,0xFF,0xFF,0xFF,0xFF,0xFF,0xFF,0xFF,
  25          0xFF,0xFF,0xFF,0xFF,0xFF,0xFF,0xFF,0xFF,0xFF,0xFF,0xFF,0xFF,0xFF,0xFF,0xFF,0xFF,
  26          0xFF,0x3F,0x1F,0xCF,0xCF,0xCF,0xCF,0xCF,0xCF,0xCF,0xCF,0xCF,0xCF,0xCF,0xCF,0xCF,
  27          0xCF,0xCF,0xCF,0xCF,0xCF,0xCF,0xCF,0xCF,0xCF,0xCF,0xCF,0xCF,0xCF,0xCF,0xCF,0xCF,
  28          0xFF,0xFF,0xFF,0xFF,0xFF,0xFF,0xFF,0xFF,0xFF,0xFF,0xFF,0xFF,0xFF,0xFF,0xFF,0xFF,
  29          0xFF,0xFF,0xFF,0xFF,0xFF,0xFF,0xFF,0xFF,0xFF,0xFF,0xFF,0xFF,0xFF,0xFF,0xFF,0xFF,
  30          0xFF,0x00,0x00,0xFF,0xFF,0xFF,0xFF,0xFF,0xFF,0xFF,0xFF,0xFF,0xFF,0xFF,0xFF,0xFF,
  31          0xFF,0xFF,0xFF,0xFF,0xFF,0xFF,0xFF,0xFF,0xFF,0xFF,0xFF,0xFF,0xFF,0xFF,0xFF,0xFF,
  32          0xFF,0xFF,0xFF,0xFF,0xFF,0xFF,0xFF,0xFF,0xFF,0xFF,0xFF,0xFF,0xFF,0xFF,0xFF,0xFF,
  33          0xFF,0xFF,0xFF,0xFF,0xFF,0xFF,0xFF,0xFF,0xFF,0xFF,0xFF,0xFF,0xFF,0xFF,0xFF,0xFF,
  34          0xFF,0x00,0x00,0xFF,0xFF,0xFF,0xFF,0xFF,0xFF,0xFF,0xFF,0xFF,0xFF,0xFF,0xFF,0xFF,
  35          0xFF,0xFF,0xFF,0xFF,0xFF,0xFF,0xF8,0xF0,0xE0,0xC7,0x8F,0x1F,0x3F,0x7F,0xFF,0xFF,
  36          0xFF,0xFF,0xFF,0xFF,0xFF,0xFF,0xFF,0xFF,0xFF,0xFF,0xFF,0xFF,0xFF,0xFF,0xFF,0xFF,
  37          0xFF,0xFF,0xFF,0xFF,0xFF,0xFF,0xFF,0xFF,0xFF,0xFF,0xFF,0xFF,0xFF,0xFF,0xFF,0xFF,
  38          0xFF,0x00,0x00,0xFF,0xFF,0xFF,0xFF,0xFF,0xFF,0xFF,0xFF,0xFF,0xFF,0xFF,0xFF,0xFF,
  39          0xFF,0xFF,0xFF,0xFF,0xFF,0xFF,0xFF,0xFF,0xFF,0xFF,0xFF,0xFF,0xFE,0xFC,0x00,0x01,
  40          0xFF,0xFF,0xFF,0xFF,0xFF,0xFF,0xFF,0xFF,0xFF,0xFF,0xFF,0xFF,0xFF,0xFF,0xFF,0xFF,
  41          0xFF,0xFF,0xFF,0xFF,0xFF,0xFF,0xFF,0xFF,0xFF,0xFF,0xFF,0xFF,0xFF,0xFF,0xFF,0xFF,
  42          0xFF,0x00,0x00,0xFF,0xFF,0xFF,0xFF,0xFF,0xFF,0xFF,0xFF,0xFF,0xFF,0xFF,0xFF,0xFF,
  43          0xFF,0xFF,0xFF,0xFF,0xFF,0xFF,0xFF,0xFF,0xFF,0xFF,0xFF,0xFF,0xFF,0xE7,0xE0,0xE0,
  44          0xFF,0xFF,0xFF,0xFF,0xFF,0xFF,0xFF,0xFF,0xFF,0xFF,0xFF,0xFF,0xFF,0xFF,0xFF,0xFF,
  45          0xFF,0xFF,0xFF,0xFF,0xFF,0xFF,0xFF,0xFF,0xFF,0xFF,0xFF,0xFF,0xFF,0xFF,0xFF,0xFF,
  46          0xFF,0xFC,0xF8,0xF3,0xF3,0xF3,0xF3,0xF3,0xF3,0xF3,0xF3,0xF3,0xF3,0xF3,0xF3,0xF3,
  47          0xF3,0xF3,0xF3,0xF3,0xF3,0xF3,0xF3,0xF3,0xF3,0xF3,0xF3,0xF3,0xF3,0xF3,0xF3,0xF3,
  48          0xFF,0xFF,0xFF,0xFF,0xFF,0xFF,0xFF,0xFF,0xFF,0xFF,0xFF,0xFF,0xFF,0xFF,0xFF,0xFF,
  49          0xFF,0xFF,0xFF,0xFF,0xFF,0xFF,0xFF,0xFF,0xFF,0xFF,0xFF,0xFF,0xFF,0xFF,0xFF,0xFF,
  50          0xFF,0xFF,0xFF,0xFF,0xFF,0xFF,0xFF,0xFF,0xFF,0xFF,0xFF,0xFF,0xFF,0xFF,0xFF,0xFF,
  51          0xFF,0xFF,0xFF,0xFF,0xFF,0xFF,0xFF,0xFF,0xFF,0xFF,0xFF,0xFF,0xFF,0xFF,0xFF,0xFF,
  52          
  53          
  54          
C51 COMPILER V9.56.0.0   MAIN                                                              01/10/2018 19:34:14 PAGE 2   

  55          /*--  调入了一幅图像：右屏  --*/
  56          /*--  宽度x高度=64x64  --*/
  57          0xFF,0xFF,0xFF,0xFF,0xFF,0xFF,0xFF,0xFF,0xFF,0xFF,0xFF,0xFF,0xFF,0xFF,0xFF,0xFF,
  58          0xFF,0xFF,0xFF,0xFF,0xFF,0xFF,0xFF,0xFF,0xFF,0xFF,0xFF,0xFF,0xFF,0xFF,0xFF,0xFF,
  59          0xFF,0xFF,0xFF,0xFF,0xFF,0xFF,0xFF,0xFF,0xFF,0xFF,0xFF,0xFF,0xFF,0xFF,0xFF,0xFF,
  60          0xFF,0xFF,0xFF,0xFF,0xFF,0xFF,0xFF,0xFF,0xFF,0xFF,0xFF,0xFF,0xFF,0xFF,0xFF,0xFF,
  61          0xCF,0xCF,0xCF,0xCF,0xCF,0xCF,0xCF,0xCF,0xCF,0xCF,0xCF,0xCF,0xCF,0xCF,0xCF,0xCF,
  62          0xCF,0xCF,0xCF,0xCF,0xCF,0xCF,0xCF,0xCF,0xCF,0xCF,0xCF,0xCF,0xCF,0x1F,0x3F,0xFF,
  63          0xFF,0xFF,0xFF,0xFF,0xFF,0xFF,0xFF,0xFF,0xFF,0xFF,0xFF,0xFF,0xFF,0xFF,0xFF,0xFF,
  64          0xFF,0xFF,0xFF,0xFF,0xFF,0xFF,0xFF,0xFF,0xFF,0xFF,0xFF,0xFF,0xFF,0xFF,0xFF,0xFF,
  65          0xFF,0xFF,0xFF,0xFF,0xFF,0xFF,0xFF,0xFF,0xFF,0xFF,0xFF,0xFF,0xFF,0xFF,0xFF,0xFF,
  66          0xFF,0xFF,0xFF,0xFF,0xFF,0xFF,0xFF,0xFF,0xFF,0xFF,0xFF,0xFF,0xFF,0x00,0x00,0xFF,
  67          0xFF,0xFF,0xFF,0xFF,0xFF,0xFF,0xFF,0xFF,0xFF,0xFF,0xFF,0xFF,0xFF,0xFF,0xFF,0xFF,
  68          0xFF,0xFF,0xFF,0xFF,0xFF,0xFF,0xFF,0xFF,0xFF,0xFF,0xFF,0xFF,0xFF,0xFF,0xFF,0xFF,
  69          0xFF,0xFF,0x7F,0x3F,0x1F,0x8F,0xC7,0xE0,0xF0,0xF8,0xFF,0xFF,0xFF,0xFF,0xFF,0xFF,
  70          0xFF,0xFF,0xFF,0xFF,0xFF,0xFF,0xFF,0xFF,0xFF,0xFF,0xFF,0xFF,0xFF,0x00,0x00,0xFF,
  71          0xFF,0xFF,0xFF,0xFF,0xFF,0xFF,0xFF,0xFF,0xFF,0xFF,0xFF,0xFF,0xFF,0xFF,0xFF,0xFF,
  72          0xFF,0xFF,0xFF,0xFF,0xFF,0xFF,0xFF,0xFF,0xFF,0xFF,0xFF,0xFF,0xFF,0xFF,0xFF,0xFF,
  73          0x01,0x00,0xFC,0xFE,0xFF,0xFF,0xFF,0xFF,0xFF,0xFF,0xFF,0xFF,0xFF,0xFF,0xFF,0xFF,
  74          0xFF,0xFF,0xFF,0xFF,0xFF,0xFF,0xFF,0xFF,0xFF,0xFF,0xFF,0xFF,0xFF,0x00,0x00,0xFF,
  75          0xFF,0xFF,0xFF,0xFF,0xFF,0xFF,0xFF,0xFF,0xFF,0xFF,0xFF,0xFF,0xFF,0xFF,0xFF,0xFF,
  76          0xFF,0xFF,0xFF,0xFF,0xFF,0xFF,0xFF,0xFF,0xFF,0xFF,0xFF,0xFF,0xFF,0xFF,0xFF,0xFF,
  77          0xE0,0xE0,0xE7,0xFF,0xFF,0xE7,0xE7,0xFF,0xFF,0xFF,0xFF,0xFF,0xFF,0xFF,0xFF,0xFF,
  78          0xFF,0xFF,0xFF,0xFF,0xFF,0xFF,0xFF,0xFF,0xFF,0xFF,0xFF,0xFF,0xFF,0x00,0x00,0xFF,
  79          0xFF,0xFF,0xFF,0xFF,0xFF,0xFF,0xFF,0xFF,0xFF,0xFF,0xFF,0xFF,0xFF,0xFF,0xFF,0xFF,
  80          0xFF,0xFF,0xFF,0xFF,0xFF,0xFF,0xFF,0xFF,0xFF,0xFF,0xFF,0xFF,0xFF,0xFF,0xFF,0xFF,
  81          0xF3,0xF3,0xF3,0xF3,0xF3,0xF3,0xF3,0xF3,0xF3,0xF3,0xF3,0xF3,0xF3,0xF3,0xF3,0xF3,
  82          0xF3,0xF3,0xF3,0xF3,0xF3,0xF3,0xF3,0xF3,0xF3,0xF3,0xF3,0xF3,0xF3,0xF8,0xFC,0xFF,
  83          0xFF,0xFF,0xFF,0xFF,0xFF,0xFF,0xFF,0xFF,0xFF,0xFF,0xFF,0xFF,0xFF,0xFF,0xFF,0xFF,
  84          0xFF,0xFF,0xFF,0xFF,0xFF,0xFF,0xFF,0xFF,0xFF,0xFF,0xFF,0xFF,0xFF,0xFF,0xFF,0xFF,
  85          0xFF,0xFF,0xFF,0xFF,0xFF,0xFF,0xFF,0xFF,0xFF,0xFF,0xFF,0xFF,0xFF,0xFF,0xFF,0xFF,
  86          0xFF,0xFF,0xFF,0xFF,0xFF,0xFF,0xFF,0xFF,0xFF,0xFF,0xFF,0xFF,0xFF,0xFF,0xFF,0xFF,
  87          0xFF,0xFF,0xFF,0xFF,0xFF,0xFF,0xFF,0xFF,0xFF,0xFF,0xFF,0xFF,0xFF,0xFF,0xFF,0xFF,
  88          0xFF,0xFF,0xFF,0xFF,0xFF,0xFF,0xFF,0xFF,0xFF,0xFF,0xFF,0xFF,0xFF,0xFF,0xFF,0xFF,
  89          
  90          
  91          
  92          
  93          };
  94          
  95          
  96          /*************************************************************************
  97           Function    : 主程序
  98           Description : None 
  99          **************************************************************************/
 100          void main()
 101          {
 102   1              u8 i,line,columm;
 103   1              u8 *address;
 104   1              
 105   1              Lcd_Init();                                       // 初始化
 106   1              
 107   1              while(1)
 108   1              {
 109   2                      /* 第1行显示内容 */
 110   2                      line = 0;                                     // 第一行
 111   2                      columm = 0;                                   // 从0列开始显示
 112   2                      address = table1;                             // 第一行显示 万物互联 16*16
 113   2                      On_Off(0);                                    // 关显示
 114   2                      
 115   2                      for(i=1;i<3;i++)                              // 图画2
 116   2                      {
C51 COMPILER V9.56.0.0   MAIN                                                              01/10/2018 19:34:14 PAGE 3   

 117   3                              if(i<2)                                   // 左半屏显示1幅
 118   3                              {
 119   4                                      Select_Screen(1);                     // 1 左屏幕
 120   4                              }
 121   3                              else Select_Screen(2);                    // 1 右屏幕
 122   3                              
 123   3                              Show_6464(line,columm,address);           // 显示一个64*64图画
 124   3      
 125   3                              columm += 64;                             // 一幅图的宽度
 126   3                              
 127   3                              if(columm>63)                             // 控制左右半屏中间空格 -> 大于63即显示右半屏  中间无空格
 128   3                              { 
 129   4                                      columm = 0;
 130   4                              }
 131   3                              address += 512;                            // 地址加1   (总是等于点阵的个数)
 132   3                      }
 133   2                      
 134   2      
 135   2                      
 136   2      
 137   2                      Select_Screen(0);                              // 全屏显示
 138   2                      On_Off(1);                                     // 开显示
 139   2                      
 140   2                      delay_ms(100000);                              // 延时
 141   2              }
 142   1      }


MODULE INFORMATION:   STATIC OVERLAYABLE
   CODE SIZE        =    106    ----
   CONSTANT SIZE    =   1024    ----
   XDATA SIZE       =   ----    ----
   PDATA SIZE       =   ----    ----
   DATA SIZE        =   ----       6
   IDATA SIZE       =   ----    ----
   BIT SIZE         =   ----    ----
END OF MODULE INFORMATION.


C51 COMPILATION COMPLETE.  0 WARNING(S),  0 ERROR(S)
