C51 COMPILER V9.56.0.0   MAIN                                                              12/29/2017 21:14:22 PAGE 1   


C51 COMPILER V9.56.0.0, COMPILATION OF MODULE MAIN
OBJECT MODULE PLACED IN main.OBJ
COMPILER INVOKED BY: C:\Keil_C51\C51\BIN\C51.EXE main.c OPTIMIZE(8,SPEED) BROWSE DEBUG OBJECTEXTEND

line level    source

   1          #include <reg52.h>
   2          
   3          
   4          /*************************************************************************
   5          - Function    : 矩阵键盘实验
   6          - Description : 按下矩阵键盘key1-key15 数码管显示0-F
   7          - Hardware    : 位选 - P2.7  段选 - P2.6
   8          - Author      : Y.
   9          - Date        : 2017.12
  10           *************************************************************************/
  11           
  12           
  13          /* 定义常用变量类型 */
  14          typedef unsigned char u8;
  15          typedef unsigned int u16;
  16          
  17          /* 申明位变量 */
  18          sbit dula = P2^6;                // 申明U2锁存器锁存端 数码管段选
  19          sbit wela = P2^7;                // 申明U3锁存器锁存端 数码管位选
  20          
  21          /* 申请全局变量 */
  22          u8 num;
  23          
  24          u8 code table[] = {0x3f,0x06,0x5b,0x4f,      // 共阴数码管 码表
  25                             0x66,0x6d,0x7d,0x07,
  26                             0x7f,0x6f,0x77,0x7c,
  27                             0x39,0x5e,0x79,0x71};
  28          
  29          /* 声明子函数 */                
  30          void init();                                                                       // 初始化函数
  31          void delay(u16);                 // 延时函数
  32          void desplay(u8);                // 数码管显示函数
  33          void keyscan();                  // 键盘扫描函数
  34                                             
  35          /*************************************************************************
  36           Function    : 主程序
  37           Description : None 
  38          **************************************************************************/                                                      
  39          void main()
  40          {
  41   1              init();
  42   1              while (1)               
  43   1              {
  44   2                      keyscan();              // 不停调用键盘扫描程序
  45   2              }
  46   1      }
  47          
  48          
  49          /*************************************************************************
  50           Function    : 延时子程序
  51           Description : 延时X毫秒ms
  52          **************************************************************************/
  53          void delay(u16 xms)
  54          {
  55   1              u16 x,y;
C51 COMPILER V9.56.0.0   MAIN                                                              12/29/2017 21:14:22 PAGE 2   

  56   1              for (x = xms; x > 0; x--)
  57   1              {
  58   2                      for (y = 125; y > 0; y--);
  59   2              }
  60   1      }
  61          
  62          
  63          /*************************************************************************
  64           Function    : 初始化程序
  65           Description : None
  66          **************************************************************************/
  67          void init()
  68          {
  69   1              dula = 1;
  70   1              P0 = 0x00;                     // 初始化 关闭所有段选
  71   1              dula = 0;
  72   1              
  73   1              wela = 1;
  74   1              P0 = 0x00;                     // 位选8个数码管
  75   1              wela = 0;
  76   1      }
  77          
  78          
  79          /*************************************************************************
  80           Function    : 显示函数
  81           Description : None
  82          **************************************************************************/
  83          void display(u8 num)
  84          {
  85   1              dula = 1;
  86   1              P0 = table[num];               // 显示函数只送段选数据
  87   1              dula = 0;
  88   1      }
  89          
  90          /*************************************************************************
  91           Function    : 矩阵键盘扫描函数
  92           Description : 行扫描
  93          **************************************************************************/
  94          void keyscan()
  95          {
  96   1              u8 temp,key;
  97   1              
  98   1              /* 扫描键盘第一行 */
  99   1              P3 = 0xfe;
 100   1              temp = P3;
 101   1              temp = temp & 0xf0;
 102   1              
 103   1              if(temp != 0xf0)
 104   1              {
 105   2                      delay(10);
 106   2                      temp = P3;
 107   2                      temp = temp & 0xf0;
 108   2                              
 109   2                      if(temp != 0xf0)
 110   2                      {
 111   3                              temp = P3;
 112   3                                              
 113   3                              switch(temp)
 114   3                              {
 115   4                                      case 0xee: key = 0; break;
 116   4                                      case 0xde: key = 1; break;
 117   4                                      case 0xbe: key = 2; break;
C51 COMPILER V9.56.0.0   MAIN                                                              12/29/2017 21:14:22 PAGE 3   

 118   4                                      case 0x7e: key = 3; break;
 119   4                              }
 120   3                                                      
 121   3                              while(temp != 0xf0)                     // 等待按钮释放
 122   3                              {
 123   4                                      temp = P3;
 124   4                                      temp = temp & 0xf0;
 125   4                              }
 126   3                                                      
 127   3                              display(key);                          // 显示数据
 128   3              
 129   3                      }
 130   2              }
 131   1                      
 132   1              /* 扫描键盘第二行 */  
 133   1              P3 = 0xfd;
 134   1              temp = P3;
 135   1              temp = temp & 0xf0;
 136   1                      
 137   1              if(temp != 0xf0)
 138   1              {
 139   2                      delay(10);
 140   2                      temp = P3;
 141   2                      temp = temp & 0xf0;
 142   2                              
 143   2                      if(temp != 0xf0)
 144   2                      {
 145   3                      temp = P3;
 146   3                                              
 147   3                              switch(temp)
 148   3                              {
 149   4                                      case 0xed: key = 4; break;
 150   4                                      case 0xdd: key = 5; break;
 151   4                                      case 0xbd: key = 6; break;
 152   4                                      case 0x7d: key = 7; break;
 153   4                              }
 154   3                                                      
 155   3                              while(temp != 0xf0)                  
 156   3                              {
 157   4                                      temp = P3;
 158   4                                      temp = temp & 0xf0;
 159   4                              }
 160   3                                                      
 161   3                              display(key);
 162   3                      }
 163   2              }               
 164   1      
 165   1              
 166   1              /* 扫描键盘第三行 */            
 167   1          P3 = 0xfb;
 168   1          temp = P3;
 169   1          temp = temp & 0xf0;
 170   1                      
 171   1          if(temp != 0xf0)
 172   1              {
 173   2                      delay(10);
 174   2                      temp = P3;
 175   2                      temp = temp & 0xf0;
 176   2                              
 177   2                      if(temp != 0xf0)
 178   2                      {
 179   3                              temp = P3;
C51 COMPILER V9.56.0.0   MAIN                                                              12/29/2017 21:14:22 PAGE 4   

 180   3                                              
 181   3                              switch(temp)
 182   3                              {
 183   4                                      case 0xeb: key = 8; break;
 184   4                                      case 0xdb: key = 9; break;
 185   4                                      case 0xbb: key = 10; break;
 186   4                                      case 0x7b: key = 11; break;
 187   4                              }
 188   3                                                      
 189   3                              while(temp != 0xf0)
 190   3                              {
 191   4                                      temp = P3;
 192   4                                      temp = temp & 0xf0;
 193   4                              }
 194   3                                                      
 195   3                              display(key);
 196   3                              }
 197   2              }       
 198   1      
 199   1              /* 扫描键盘第四行 */            
 200   1          P3 = 0xf7;
 201   1          temp = P3;
 202   1          temp = temp & 0xf0;
 203   1                      
 204   1          if(temp != 0xf0)
 205   1              {
 206   2                      delay(10);
 207   2                      temp = P3;
 208   2                      temp = temp & 0xf0;
 209   2                              
 210   2                      if(temp != 0xf0)
 211   2                      {
 212   3                              temp = P3;
 213   3                                              
 214   3                              switch(temp)
 215   3                              {
 216   4                                      case 0xe7: key = 12; break;
 217   4                                      case 0xd7: key = 13; break;
 218   4                                      case 0xb7: key = 14; break;
 219   4                                      case 0x77: key = 15; break;
 220   4                              }
 221   3                                                      
 222   3                              while(temp != 0xf0)
 223   3                              {
 224   4                                      temp = P3;
 225   4                                      temp = temp & 0xf0;
 226   4                              }
 227   3                                                      
 228   3                              display(key);
 229   3                      }
 230   2              }               
 231   1                      
 232   1      }


MODULE INFORMATION:   STATIC OVERLAYABLE
   CODE SIZE        =    421    ----
   CONSTANT SIZE    =     16    ----
   XDATA SIZE       =   ----    ----
   PDATA SIZE       =   ----    ----
   DATA SIZE        =      1       2
   IDATA SIZE       =   ----    ----
C51 COMPILER V9.56.0.0   MAIN                                                              12/29/2017 21:14:22 PAGE 5   

   BIT SIZE         =   ----    ----
END OF MODULE INFORMATION.


C51 COMPILATION COMPLETE.  0 WARNING(S),  0 ERROR(S)
